Operating system: Microsoft Windows NT 6.2.9200.0
Opening INI file "C:\Users\chris\Downloads\seqdisasmisnowepic\seqdisasm\seq but epic (still dont share)\Sonic-Epic-Quest\Sonic 1 2005 INIs\SonLVL.ini"...
Game type is S1.
Loading Green Hill Zone Act 1...
Loading 256x256 chunks from file "../map256/ghz.bin", using compression Kosinski...
Loading 8x8 tiles from file "../artnem/8x8ghz.bin", using compression Nemesis...
Loading 16x16 blocks from file "../map16/ghz.bin", using compression Enigma...
Loading FG layout from file "../levels/ghz1.bin", using compression Uncompressed...
Loading BG layout from file "../levels/ghzbg.bin", using compression Uncompressed...
Loading palette file "../pallet/sonic.bin"...
Source: 0 Destination: 0 Length: 16
Loading palette file "../pallet/ghz.bin"...
Source: 0 Destination: 16 Length: 48
Loading FG layout from file "../levels/ghz2.bin", using compression Uncompressed...
Loading FG layout from file "../levels/ghz3.bin", using compression Uncompressed...
Loading FG layout from file "../levels/ending.bin", using compression Uncompressed...
Loading object definition file "obj.ini".
Loading object definition file "objGHZ.ini".
Loading ObjectDefinition type S1ObjectDefinitions.Common.Ring from "Common\Ring.cs"...
Loading type from cached assembly "dllcache\S1ObjectDefinitions.Common.Ring.dll"...
Loading ObjectDefinition type S1ObjectDefinitions.Common.InvisibleBlock from "Common\InvisibleBlock.cs"...
Loading type from cached assembly "dllcache\S1ObjectDefinitions.Common.InvisibleBlock.dll"...
Loading ObjectDefinition type S1ObjectDefinitions.GHZ.Bridge from "GHZ\Bridge.cs"...
Loading type from cached assembly "dllcache\S1ObjectDefinitions.GHZ.Bridge.dll"...
Loading ObjectDefinition type S1ObjectDefinitions.GHZ.SwingingPlatform from "GHZ\SwingingPlatform.cs"...
Loading type from cached assembly "dllcache\S1ObjectDefinitions.GHZ.SwingingPlatform.dll"...
Loading ObjectDefinition type S1ObjectDefinitions.GHZ.SpikedPole from "GHZ\SpikedPole.cs"...
Loading type from cached assembly "dllcache\S1ObjectDefinitions.GHZ.SpikedPole.dll"...
Loading objects from file "../objpos/ghz1.bin", using compression Uncompressed...
Loading start position "Level Start" from file "../misc/sloc_lev.bin"...
Loading start position "Credits Demo 1" from file "../misc/sloc_end.bin"...
Loading start position "Credits Demo 2" from file "../misc/sloc_end.bin"...
Drawing block bitmaps...
Drawing chunk bitmaps...
Level loaded in 0.7498992 second(s).
Load completed.
Loading Green Hill Zone Act 1...
Loading 8x8 tiles from file "../artnem/8x8ghz.bin", using compression Nemesis...
Loading 16x16 blocks from file "../map16/ghz.bin", using compression Enigma...
Loading 256x256 chunks from file "../map256/ghz.bin", using compression Kosinski...
Loading FG layout from file "../levels/ghz1.bin", using compression Uncompressed...
Loading BG layout from file "../levels/ghzbg.bin", using compression Uncompressed...
Loading FG layout from file "../levels/ghz2.bin", using compression Uncompressed...
Loading FG layout from file "../levels/ghz3.bin", using compression Uncompressed...
Loading palette file "../pallet/sonic.bin"...
Source: 0 Destination: 0 Length: 16
Loading palette file "../pallet/ghz.bin"...
Source: 0 Destination: 16 Length: 48
Loading FG layout from file "../levels/ending.bin", using compression Uncompressed...
Loading object definition file "obj.ini".
Loading object definition file "objGHZ.ini".
Loading ObjectDefinition type S1ObjectDefinitions.Common.Ring from "Common\Ring.cs"...
Loading type from cached assembly "dllcache\S1ObjectDefinitions.Common.Ring.dll"...
Loading ObjectDefinition type S1ObjectDefinitions.Common.InvisibleBlock from "Common\InvisibleBlock.cs"...
Loading type from cached assembly "dllcache\S1ObjectDefinitions.Common.InvisibleBlock.dll"...
Loading ObjectDefinition type S1ObjectDefinitions.GHZ.Bridge from "GHZ\Bridge.cs"...
Loading type from cached assembly "dllcache\S1ObjectDefinitions.GHZ.Bridge.dll"...
Loading ObjectDefinition type S1ObjectDefinitions.GHZ.SwingingPlatform from "GHZ\SwingingPlatform.cs"...
Loading type from cached assembly "dllcache\S1ObjectDefinitions.GHZ.SwingingPlatform.dll"...
Loading ObjectDefinition type S1ObjectDefinitions.GHZ.SpikedPole from "GHZ\SpikedPole.cs"...
Loading type from cached assembly "dllcache\S1ObjectDefinitions.GHZ.SpikedPole.dll"...
Loading start position "Level Start" from file "../misc/sloc_lev.bin"...
Loading objects from file "../objpos/ghz1.bin", using compression Uncompressed...
Loading start position "Credits Demo 1" from file "../misc/sloc_end.bin"...
Loading start position "Credits Demo 2" from file "../misc/sloc_end.bin"...
Drawing block bitmaps...
Drawing chunk bitmaps...
Level loaded in 0.3487694 second(s).
Load completed.
Saving Green Hill Zone Act 1...
Loading Green Hill Zone Act 1...
Loading 16x16 blocks from file "../map16/ghz.bin", using compression Enigma...
Loading 8x8 tiles from file "../artnem/8x8ghz.bin", using compression Nemesis...
Loading 256x256 chunks from file "../map256/ghz.bin", using compression Kosinski...
Loading FG layout from file "../levels/ghz1.bin", using compression Uncompressed...
Loading BG layout from file "../levels/ghzbg.bin", using compression Uncompressed...
Loading FG layout from file "../levels/ghz2.bin", using compression Uncompressed...
Loading FG layout from file "../levels/ghz3.bin", using compression Uncompressed...
Loading palette file "../pallet/sonic.bin"...
Source: 0 Destination: 0 Length: 16
Loading palette file "../pallet/ghz.bin"...
Source: 0 Destination: 16 Length: 48
Loading FG layout from file "../levels/ending.bin", using compression Uncompressed...
Loading object definition file "obj.ini".
Loading object definition file "objGHZ.ini".
Loading ObjectDefinition type S1ObjectDefinitions.Common.Ring from "Common\Ring.cs"...
Loading type from cached assembly "dllcache\S1ObjectDefinitions.Common.Ring.dll"...
Loading ObjectDefinition type S1ObjectDefinitions.Common.InvisibleBlock from "Common\InvisibleBlock.cs"...
Loading type from cached assembly "dllcache\S1ObjectDefinitions.Common.InvisibleBlock.dll"...
Loading ObjectDefinition type S1ObjectDefinitions.GHZ.Bridge from "GHZ\Bridge.cs"...
Loading ObjectDefinition type S1ObjectDefinitions.GHZ.SpikedPole from "GHZ\SpikedPole.cs"...
Loading type from cached assembly "dllcache\S1ObjectDefinitions.GHZ.SpikedPole.dll"...
Loading type from cached assembly "dllcache\S1ObjectDefinitions.GHZ.Bridge.dll"...
Loading ObjectDefinition type S1ObjectDefinitions.GHZ.SwingingPlatform from "GHZ\SwingingPlatform.cs"...
Loading type from cached assembly "dllcache\S1ObjectDefinitions.GHZ.SwingingPlatform.dll"...
Loading start position "Level Start" from file "../misc/sloc_lev.bin"...
Loading objects from file "../objpos/ghz1.bin", using compression Uncompressed...
Loading start position "Credits Demo 1" from file "../misc/sloc_end.bin"...
Loading start position "Credits Demo 2" from file "../misc/sloc_end.bin"...
Drawing block bitmaps...
Drawing chunk bitmaps...
Level loaded in 0.3597837 second(s).
Load completed.
Saving Green Hill Zone Act 1...
Loading forest Zone Act 1...
Loading 16x16 blocks from file "../map16/mz.bin", using compression Enigma...
Loading 8x8 tiles from file "../artnem/8x8mz.bin", using compression Nemesis...
Loading 256x256 chunks from file "../map256/mz.bin", using compression Kosinski...
Loading FG layout from file "../levels/mz1.bin", using compression Uncompressed...
Loading BG layout from file "../levels/mz1bg.bin", using compression Uncompressed...
Loading palette file "../pallet/sonic.bin"...
Source: 0 Destination: 0 Length: 16
Loading palette file "../pallet/mz.bin"...
Source: 0 Destination: 16 Length: 48
Loading FG layout from file "../levels/mz2.bin", using compression Uncompressed...
Loading BG layout from file "../levels/mz2bg.bin", using compression Uncompressed...
Loading FG layout from file "../levels/mz3.bin", using compression Uncompressed...
Loading BG layout from file "../levels/mz3bg.bin", using compression Uncompressed...
Loading object definition file "obj.ini".
Loading object definition file "objMZ.ini".
Loading ObjectDefinition type S1ObjectDefinitions.Common.Ring from "Common\Ring.cs"...
Loading type from cached assembly "dllcache\S1ObjectDefinitions.Common.Ring.dll"...
Loading ObjectDefinition type S1ObjectDefinitions.Common.InvisibleBlock from "Common\InvisibleBlock.cs"...
Loading type from cached assembly "dllcache\S1ObjectDefinitions.Common.InvisibleBlock.dll"...
Loading ObjectDefinition type S1ObjectDefinitions.GHZ.SwingingPlatform from "GHZ\SwingingPlatform.cs"...
Loading type from cached assembly "dllcache\S1ObjectDefinitions.GHZ.SwingingPlatform.dll"...
Loading ObjectDefinition type S1ObjectDefinitions.MZ.SidewaysStomper from "MZ\SidewaysStomper.cs"...
Loading type from cached assembly "dllcache\S1ObjectDefinitions.MZ.SidewaysStomper.dll"...
Loading start position "Level Start" from file "../misc/sloc_lev.bin"...
Loading objects from file "../objpos/mz1.bin", using compression Uncompressed...
Drawing block bitmaps...
Drawing chunk bitmaps...
Level loaded in 0.3371042 second(s).
Load completed.
Loading forest Zone Act 2...
Loading FG layout from file "../levels/mz2.bin", using compression Uncompressed...
Loading 8x8 tiles from file "../artnem/8x8mz.bin", using compression Nemesis...
Loading 256x256 chunks from file "../map256/mz.bin", using compression Kosinski...
Loading BG layout from file "../levels/mz2bg.bin", using compression Uncompressed...
Loading FG layout from file "../levels/mz1.bin", using compression Uncompressed...
Loading BG layout from file "../levels/mz1bg.bin", using compression Uncompressed...
Loading FG layout from file "../levels/mz3.bin", using compression Uncompressed...
Loading BG layout from file "../levels/mz3bg.bin", using compression Uncompressed...
Loading 16x16 blocks from file "../map16/mz.bin", using compression Enigma...
Loading palette file "../pallet/sonic.bin"...
Source: 0 Destination: 0 Length: 16
Loading palette file "../pallet/mz.bin"...
Source: 0 Destination: 16 Length: 48
Loading object definition file "obj.ini".
Loading object definition file "objMZ.ini".
Loading ObjectDefinition type S1ObjectDefinitions.Common.Ring from "Common\Ring.cs"...
Loading type from cached assembly "dllcache\S1ObjectDefinitions.Common.Ring.dll"...
Loading ObjectDefinition type S1ObjectDefinitions.Common.InvisibleBlock from "Common\InvisibleBlock.cs"...
Loading type from cached assembly "dllcache\S1ObjectDefinitions.Common.InvisibleBlock.dll"...
Loading ObjectDefinition type S1ObjectDefinitions.GHZ.SwingingPlatform from "GHZ\SwingingPlatform.cs"...
Loading type from cached assembly "dllcache\S1ObjectDefinitions.GHZ.SwingingPlatform.dll"...
Loading ObjectDefinition type S1ObjectDefinitions.MZ.SidewaysStomper from "MZ\SidewaysStomper.cs"...
Loading type from cached assembly "dllcache\S1ObjectDefinitions.MZ.SidewaysStomper.dll"...
Loading objects from file "../objpos/mz2.bin", using compression Uncompressed...
Loading start position "Level Start" from file "../misc/sloc_lev.bin"...
Loading start position "Credits Demo" from file "../misc/sloc_end.bin"...
Drawing block bitmaps...
Drawing chunk bitmaps...
Level loaded in 0.308378 second(s).
Load completed.
Saving forest Zone Act 2...
Loading forest Zone Act 3...
Loading palette file "../pallet/sonic.bin"...
Source: 0 Destination: 0 Length: 16
Loading 256x256 chunks from file "../map256/mz.bin", using compression Kosinski...
Loading FG layout from file "../levels/mz3.bin", using compression Uncompressed...
Loading palette file "../pallet/mz.bin"...
Source: 0 Destination: 16 Length: 48
Loading BG layout from file "../levels/mz3bg.bin", using compression Uncompressed...
Loading 16x16 blocks from file "../map16/mz.bin", using compression Enigma...
Loading 8x8 tiles from file "../artnem/8x8mz.bin", using compression Nemesis...
Loading FG layout from file "../levels/mz1.bin", using compression Uncompressed...
Loading BG layout from file "../levels/mz1bg.bin", using compression Uncompressed...
Loading FG layout from file "../levels/mz2.bin", using compression Uncompressed...
Loading BG layout from file "../levels/mz2bg.bin", using compression Uncompressed...
Loading object definition file "obj.ini".
Loading object definition file "objMZ.ini".
Loading ObjectDefinition type S1ObjectDefinitions.Common.Ring from "Common\Ring.cs"...
Loading type from cached assembly "dllcache\S1ObjectDefinitions.Common.Ring.dll"...
Loading ObjectDefinition type S1ObjectDefinitions.Common.InvisibleBlock from "Common\InvisibleBlock.cs"...
Loading type from cached assembly "dllcache\S1ObjectDefinitions.Common.InvisibleBlock.dll"...
Loading ObjectDefinition type S1ObjectDefinitions.GHZ.SwingingPlatform from "GHZ\SwingingPlatform.cs"...
Loading type from cached assembly "dllcache\S1ObjectDefinitions.GHZ.SwingingPlatform.dll"...
Loading ObjectDefinition type S1ObjectDefinitions.MZ.SidewaysStomper from "MZ\SidewaysStomper.cs"...
Loading type from cached assembly "dllcache\S1ObjectDefinitions.MZ.SidewaysStomper.dll"...
Loading objects from file "../objpos/mz3.bin", using compression Uncompressed...
Loading start position "Level Start" from file "../misc/sloc_lev.bin"...
Drawing block bitmaps...
Drawing chunk bitmaps...
Level loaded in 0.2821829 second(s).
Load completed.
Saving forest Zone Act 3...
Saving forest Zone Act 3...
Loading Green Hill Zone Act 3...
Loading 8x8 tiles from file "../artnem/8x8ghz.bin", using compression Nemesis...
Loading 16x16 blocks from file "../map16/ghz.bin", using compression Enigma...
Loading 256x256 chunks from file "../map256/ghz.bin", using compression Kosinski...
Loading FG layout from file "../levels/ghz3.bin", using compression Uncompressed...
Loading BG layout from file "../levels/ghzbg.bin", using compression Uncompressed...
Loading FG layout from file "../levels/ghz1.bin", using compression Uncompressed...
Loading FG layout from file "../levels/ghz2.bin", using compression Uncompressed...
Loading palette file "../pallet/sonic.bin"...
Source: 0 Destination: 0 Length: 16
Loading palette file "../pallet/ghz.bin"...
Source: 0 Destination: 16 Length: 48
Loading FG layout from file "../levels/ending.bin", using compression Uncompressed...
Loading object definition file "obj.ini".
Loading object definition file "objGHZ.ini".
Loading ObjectDefinition type S1ObjectDefinitions.Common.Ring from "Common\Ring.cs"...
Loading type from cached assembly "dllcache\S1ObjectDefinitions.Common.Ring.dll"...
Loading ObjectDefinition type S1ObjectDefinitions.Common.InvisibleBlock from "Common\InvisibleBlock.cs"...
Loading type from cached assembly "dllcache\S1ObjectDefinitions.Common.InvisibleBlock.dll"...
Loading ObjectDefinition type S1ObjectDefinitions.GHZ.SwingingPlatform from "GHZ\SwingingPlatform.cs"...
Loading type from cached assembly "dllcache\S1ObjectDefinitions.GHZ.SwingingPlatform.dll"...
Loading ObjectDefinition type S1ObjectDefinitions.GHZ.SpikedPole from "GHZ\SpikedPole.cs"...
Loading type from cached assembly "dllcache\S1ObjectDefinitions.GHZ.SpikedPole.dll"...
Loading ObjectDefinition type S1ObjectDefinitions.GHZ.Bridge from "GHZ\Bridge.cs"...
Loading type from cached assembly "dllcache\S1ObjectDefinitions.GHZ.Bridge.dll"...
Loading start position "Level Start" from file "../misc/sloc_lev.bin"...
Loading objects from file "../objpos/ghz3.bin", using compression Uncompressed...
Drawing block bitmaps...
Drawing chunk bitmaps...
Level loaded in 0.3697904 second(s).
Load completed.
Saving Green Hill Zone Act 3...
Saving Green Hill Zone Act 3...
Saving Green Hill Zone Act 3...
Opening INI file "C:\Users\chris\Downloads\sonic-november-editon-2\S2LVL.ini"...
Game type is S2.
Loading Emerald Hill Zone Act 1...
Loading palette file "../art/palettes/SonicAndTails.bin"...
Source: 0 Destination: 0 Length: 16
Layout file "../level/layout/EHZ_1.bin" not found.
Layout file "../level/layout/EHZ_2.bin" not found.
Layout file "../level/layout/CPZ_1.bin" not found.
Layout file "../level/layout/CPZ_2.bin" not found.
Layout file "../level/layout/ARZ_1.bin" not found.
Layout file "../level/layout/ARZ_2.bin" not found.
Layout file "../level/layout/CNZ_1.bin" not found.
Layout file "../level/layout/CNZ_2.bin" not found.
Layout file "../level/layout/HTZ_1.bin" not found.
Layout file "../level/layout/HTZ_2.bin" not found.
Layout file "../level/layout/MCZ_1.bin" not found.
Layout file "../level/layout/MCZ_2.bin" not found.
Layout file "../level/layout/OOZ_1.bin" not found.
Layout file "../level/layout/OOZ_2.bin" not found.
Layout file "../level/layout/MTZ_1.bin" not found.
Layout file "../level/layout/MTZ_2.bin" not found.
Layout file "../level/layout/MTZ_3.bin" not found.
Layout file "../level/layout/SCZ.bin" not found.
Layout file "../level/layout/WFZ.bin" not found.
Layout file "../level/layout/DEZ.bin" not found.
System.AggregateException: Er zijn één of meer fouten opgetreden. ---> System.FormatException: Level must contain at least one Tiles file!
   bij SonicRetro.SonLVL.API.LevelData.LoadLevelTiles() in D:\Programs\SonLVL\SonLVLAPI\LevelData.cs:regel 461
   bij System.Threading.Tasks.Task.InnerInvoke()
   bij System.Threading.Tasks.Task.Execute()
   --- Einde van intern uitzonderingsstackpad ---
   bij System.Threading.Tasks.Task.WaitAll(Task[] tasks, Int32 millisecondsTimeout, CancellationToken cancellationToken)
   bij System.Threading.Tasks.Task.WaitAll(Task[] tasks, Int32 millisecondsTimeout)
   bij System.Threading.Tasks.Parallel.Invoke(ParallelOptions parallelOptions, Action[] actions)
   bij System.Threading.Tasks.Parallel.Invoke(Action[] actions)
   bij SonicRetro.SonLVL.API.LevelData.LoadLevel(String levelname, Boolean loadGraphics) in D:\Programs\SonLVL\SonLVLAPI\LevelData.cs:regel 184
   bij SonicRetro.SonLVL.GUI.MainForm.backgroundLevelLoader_DoWork(Object sender, DoWorkEventArgs e) in D:\Programs\SonLVL\SonLVL\MainForm.cs:regel 574
---> (Interne uitzondering #0) System.FormatException: Level must contain at least one Tiles file!
   bij SonicRetro.SonLVL.API.LevelData.LoadLevelTiles() in D:\Programs\SonLVL\SonLVLAPI\LevelData.cs:regel 461
   bij System.Threading.Tasks.Task.InnerInvoke()
   bij System.Threading.Tasks.Task.Execute()<---

---> (Interne uitzondering #1) System.FormatException: Level must contain at least one Blocks file!
   bij SonicRetro.SonLVL.API.LevelData.LoadLevelBlocks() in D:\Programs\SonLVL\SonLVLAPI\LevelData.cs:regel 520
   bij System.Threading.Tasks.Task.InnerInvoke()
   bij System.Threading.Tasks.Task.Execute()<---

---> (Interne uitzondering #2) System.FormatException: Level must contain at least one Chunks file!
   bij SonicRetro.SonLVL.API.LevelData.LoadLevelChunks() in D:\Programs\SonLVL\SonLVLAPI\LevelData.cs:regel 552
   bij System.Threading.Tasks.Task.InnerInvoke()
   bij System.Threading.Tasks.Task.Execute()<---

---> (Interne uitzondering #3) System.IO.FileNotFoundException: Palette file could not be loaded! Have you set up your disassembly properly?
Bestandsnaam: ../art/palettes/SonicAndTails.bin
   bij SonicRetro.SonLVL.API.LevelData.LoadLevelPalette() in D:\Programs\SonLVL\SonLVLAPI\LevelData.cs:regel 689
   bij System.Threading.Tasks.Task.InnerInvoke()
   bij System.Threading.Tasks.Task.Execute()<---

